<?xml version="1.0" encoding="UTF-8"?>
<testsuite name="com.aor.numbers.ListSorterTest" tests="1" skipped="0" failures="0" errors="0" timestamp="2021-11-19T14:22:27" hostname="LAPTOP-8D29A3SM" time="0.008">
  <properties/>
  <testcase name="sort()" classname="com.aor.numbers.ListSorterTest" time="0.008"/>
  <system-out><![CDATA[]]></system-out>
  <system-err><![CDATA[]]></system-err>
</testsuite>
